<?xml version="1.0" encoding="UTF-8"?>
<!-- Generated by org.testng.reporters.JUnitReportReporter -->
<testsuite skipped="0" hostname="khosruzs-MBP.lan" name="com.Test.HomePageTest" tests="3" failures="0" timestamp="2022-04-09T02:19:01 EDT" time="35.370" errors="0">
  <testcase name="clickAboutUsTest" time="12.393" classname="com.Test.HomePageTest"/>
  <system-out/>
  <testcase name="getCurrencyListTest" time="10.578" classname="com.Test.HomePageTest"/>
  <system-out/>
  <testcase name="pageTitleTest" time="12.399" classname="com.Test.HomePageTest"/>
  <system-out/>
</testsuite> <!-- com.Test.HomePageTest -->
