<?xml version="1.0" encoding="UTF-8"?>
<!-- Generated by org.testng.reporters.JUnitReportReporter -->
<testsuite skipped="0" hostname="khosruzs-MacBook-Pro.local" name="com.Test.RegistrationPageTest" tests="1" failures="0" timestamp="2022-04-06T20:52:27 EDT" time="27.436" errors="0">
  <testcase name="registerNewUserTest" time="27.436" classname="com.Test.RegistrationPageTest"/>
  <system-out/>
</testsuite> <!-- com.Test.RegistrationPageTest -->
